(00:00:00.0066820) WindowShopWoZ[log]: Attempt to start service on port '2000'
(00:00:00.0069670) WindowShopWoZ[log]: Attempt to start Slow service on port '2000'
(00:00:00.0130475) WindowShopWoZ[log]: Creating publisher from type 'IWindowShopPublisher'
(00:00:00.0131522) WindowShopWoZ[log]: Found Action interface: 'EmoteCommonMessages.IFMLSpeech'
(00:00:00.0232289) WindowShopWoZ[log]: Announced event 'IFMLSpeech.PerformUtterance'
(00:00:00.0239423) WindowShopWoZ[log]: Registered action 'IFMLSpeech.PerformUtterance' in publisher.
(00:00:00.0241175) WindowShopWoZ[log]: Announced event 'IFMLSpeech.PerformUtteranceWithTags'
(00:00:00.0241242) WindowShopWoZ[log]: Registered action 'IFMLSpeech.PerformUtteranceWithTags' in publisher.
(00:00:00.0241454) WindowShopWoZ[log]: Announced event 'IFMLSpeech.PerformUtteranceFromLibrary'
(00:00:00.0241503) WindowShopWoZ[log]: Registered action 'IFMLSpeech.PerformUtteranceFromLibrary' in publisher.
(00:00:00.0241584) WindowShopWoZ[log]: Announced event 'IFMLSpeech.CancelUtterance'
(00:00:00.0241627) WindowShopWoZ[log]: Registered action 'IFMLSpeech.CancelUtterance' in publisher.
(00:00:00.0241750) WindowShopWoZ[log]: Found Action interface: 'Thalamus.BML.IAnimationActions'
(00:00:00.0241958) WindowShopWoZ[log]: Announced event 'IAnimationActions.PlayAnimation'
(00:00:00.0242000) WindowShopWoZ[log]: Registered action 'IAnimationActions.PlayAnimation' in publisher.
(00:00:00.0242092) WindowShopWoZ[log]: Announced event 'IAnimationActions.PlayAnimationQueued'
(00:00:00.0242127) WindowShopWoZ[log]: Registered action 'IAnimationActions.PlayAnimationQueued' in publisher.
(00:00:00.0242201) WindowShopWoZ[log]: Announced event 'IAnimationActions.StopAnimation'
(00:00:00.0242268) WindowShopWoZ[log]: Registered action 'IAnimationActions.StopAnimation' in publisher.
(00:00:00.0619494) WindowShopWoZ[log]: UNCONNECTED_PUBLISH:(IAnimationActions.PlayAnimation):[id=;animation=goodbye;]
(00:00:00.1930961) WindowShopWoZ[log]: Slow Port unavaliable.
(00:00:00.1931066) WindowShopWoZ[log]: Attempt to start Slow service on port '2001'
(00:00:00.1931165) WindowShopWoZ[log]: Port unavaliable.
(00:00:00.1931246) WindowShopWoZ[log]: Attempt to start service on port '2001'
(00:00:00.2110841) WindowShopWoZ[log]: Searching for a Thalamus Character...
(00:00:00.2130172) WindowShopWoZ[log]: Found Thalamus Master for character '' at '192.168.1.113:2000/2001'.
(00:00:00.2800676) WindowShopWoZ[log]: Port unavaliable.
(00:00:00.2800785) WindowShopWoZ[log]: Attempt to start service on port '2002'
(00:00:00.2823973) WindowShopWoZ[log]: Slow Port unavaliable.
(00:00:00.2824107) WindowShopWoZ[log]: Attempt to start Slow service on port '2002'
(00:00:00.3736655) WindowShopWoZ[log]: Port unavaliable.
(00:00:00.3736658) WindowShopWoZ[log]: Slow Port unavaliable.
(00:00:00.3736775) WindowShopWoZ[log]: Attempt to start service on port '2003'
(00:00:00.3736796) WindowShopWoZ[log]: Attempt to start Slow service on port '2003'
(00:00:00.4779790) WindowShopWoZ[log]: Port unavaliable.
(00:00:00.4779917) WindowShopWoZ[log]: Attempt to start service on port '2004'
(00:00:00.4874010) WindowShopWoZ[log]: Slow Port unavaliable.
(00:00:00.4874119) WindowShopWoZ[log]: Attempt to start Slow service on port '2004'
(00:00:00.5691650) WindowShopWoZ[log]: Port unavaliable.
(00:00:00.5691788) WindowShopWoZ[log]: Attempt to start service on port '2005'
(00:00:00.5764392) WindowShopWoZ[log]: Slow Port unavaliable.
(00:00:00.5764515) WindowShopWoZ[log]: Attempt to start Slow service on port '2005'
(00:00:00.6506618) WindowShopWoZ[log]: fast XMLRPC Listening on port 2005
(00:00:00.6580036) WindowShopWoZ[log]: Slow Port unavaliable.
(00:00:00.6580149) WindowShopWoZ[log]: Attempt to start Slow service on port '2006'
(00:00:00.6710931) WindowShopWoZ[log]: Set Master fast endpoint to 192.168.1.113:2000
(00:00:00.6711979) WindowShopWoZ[log]: Set Master slow endpoint to 192.168.1.113:2001
(00:00:00.6712031) WindowShopWoZ[log]: Connecting...
(00:00:00.7072088) WindowShopWoZ[log]: Connected with clientId '6d8823c0-cade-4f07-b93a-de41768faf7b'
(00:00:00.7441038) WindowShopWoZ[log]: Slow XMLRPC Listening on port 2006
(00:00:53.2608449) WindowShopWoZ[log]: 53,2597641:Sent::IAnimationActions.PlayAnimation:(IAnimationActions.PlayAnimation):[id=;animation=greeting;]
(00:00:54.8826071) WindowShopWoZ[log]: 54,8825436:Sent::IAnimationActions.PlayAnimation:(IAnimationActions.PlayAnimation):[id=;animation=greeting;]
(00:04:22.8590692) WindowShopWoZ[log]: 262,8590618:Sent::IAnimationActions.PlayAnimation:(IAnimationActions.PlayAnimation):[id=;animation=greeting;]
(00:04:29.9763702) WindowShopWoZ[log]: 269,9763498:Sent::IAnimationActions.PlayAnimation:(IAnimationActions.PlayAnimation):[id=;animation=PointPlayerRight;]
(00:04:30.8638407) WindowShopWoZ[log]: 270,8638174:Sent::IAnimationActions.PlayAnimation:(IAnimationActions.PlayAnimation):[id=;animation=PointPlayerRight;]
(00:04:32.1302539) WindowShopWoZ[log]: 272,1302335:Sent::IAnimationActions.PlayAnimation:(IAnimationActions.PlayAnimation):[id=;animation=PointPlayerRight;]
(00:04:33.0985008) WindowShopWoZ[log]: 273,0984747:Sent::IAnimationActions.PlayAnimation:(IAnimationActions.PlayAnimation):[id=;animation=PointPlayerRight;]
(00:04:35.3168749) WindowShopWoZ[log]: 275,3168675:Sent::IAnimationActions.PlayAnimation:(IAnimationActions.PlayAnimation):[id=;animation=PointPlayerLeft;]
(00:04:36.2933519) WindowShopWoZ[log]: 276,2933431:Sent::IAnimationActions.PlayAnimation:(IAnimationActions.PlayAnimation):[id=;animation=PointPlayerLeft;]
(00:04:36.6129655) WindowShopWoZ[log]: 276,6129539:Sent::IAnimationActions.PlayAnimation:(IAnimationActions.PlayAnimation):[id=;animation=PointPlayerLeft;]
(00:04:38.1488051) WindowShopWoZ[log]: 278,1487956:Sent::IAnimationActions.PlayAnimation:(IAnimationActions.PlayAnimation):[id=;animation=PointPlayerLeft;]
(00:04:38.8747017) WindowShopWoZ[log]: 278,8746813:Sent::IAnimationActions.PlayAnimation:(IAnimationActions.PlayAnimation):[id=;animation=PointPlayerLeft;]
(00:04:42.6971886) WindowShopWoZ[log]: 282,6971682:Sent::IAnimationActions.PlayAnimation:(IAnimationActions.PlayAnimation):[id=;animation=sadnessNodding;]
(00:04:43.4162476) WindowShopWoZ[log]: 283,4162236:Sent::IAnimationActions.PlayAnimation:(IAnimationActions.PlayAnimation):[id=;animation=sadnessNodding;]
(00:04:48.0810284) WindowShopWoZ[log]: 288,0810147:Sent::IAnimationActions.PlayAnimation:(IAnimationActions.PlayAnimation):[id=;animation=happy;]
(00:04:48.7033087) WindowShopWoZ[log]: 288,7033023:Sent::IAnimationActions.PlayAnimation:(IAnimationActions.PlayAnimation):[id=;animation=happy;]
(00:04:48.9412443) WindowShopWoZ[log]: 288,9412316:Sent::IAnimationActions.PlayAnimation:(IAnimationActions.PlayAnimation):[id=;animation=happy;]
(00:04:52.9599097) WindowShopWoZ[log]: 292,9598868:Sent::IAnimationActions.PlayAnimation:(IAnimationActions.PlayAnimation):[id=;animation=enthusiasm;]
(00:05:05.2072454) WindowShopWoZ[log]: 305,2072228:Sent::IAnimationActions.PlayAnimation:(IAnimationActions.PlayAnimation):[id=;animation=rodinThinking;]
(00:05:06.5854876) WindowShopWoZ[log]: 306,5854651:Sent::IAnimationActions.PlayAnimation:(IAnimationActions.PlayAnimation):[id=;animation=rodinThinking;]
(00:05:07.2687761) WindowShopWoZ[log]: 307,2687221:Sent::IAnimationActions.PlayAnimation:(IAnimationActions.PlayAnimation):[id=;animation=rodinThinking;]
(00:05:07.5037786) WindowShopWoZ[log]: 307,5037581:Sent::IAnimationActions.PlayAnimation:(IAnimationActions.PlayAnimation):[id=;animation=rodinThinking;]
(00:05:08.3435886) WindowShopWoZ[log]: 308,3435685:Sent::IAnimationActions.PlayAnimation:(IAnimationActions.PlayAnimation):[id=;animation=rodinThinking;]
(00:05:16.1991972) WindowShopWoZ[log]: 316,1991761:Sent::IAnimationActions.PlayAnimation:(IAnimationActions.PlayAnimation):[id=;animation=goodbye;]
(00:05:17.6426100) WindowShopWoZ[log]: 317,6425888:Sent::IAnimationActions.PlayAnimation:(IAnimationActions.PlayAnimation):[id=;animation=goodbye;]
(00:05:18.5920687) WindowShopWoZ[log]: 318,5920447:Sent::IAnimationActions.PlayAnimation:(IAnimationActions.PlayAnimation):[id=;animation=goodbye;]
(00:07:47.8297399) WindowShopWoZ[log]: 467,8297307:Sent::IAnimationActions.PlayAnimation:(IAnimationActions.PlayAnimation):[id=;animation=greeting;]
(00:07:48.9675027) WindowShopWoZ[log]: 468,9674946:Sent::IAnimationActions.PlayAnimation:(IAnimationActions.PlayAnimation):[id=;animation=greeting;]
(00:07:50.2880059) WindowShopWoZ[log]: 470,2879943:Sent::IAnimationActions.PlayAnimation:(IAnimationActions.PlayAnimation):[id=;animation=greeting;]
(00:07:51.1448558) WindowShopWoZ[log]: 471,1448428:Sent::IAnimationActions.PlayAnimation:(IAnimationActions.PlayAnimation):[id=;animation=greeting;]
(00:07:55.9004662) WindowShopWoZ[log]: 475,900443:Sent::IAnimationActions.PlayAnimation:(IAnimationActions.PlayAnimation):[id=;animation=PointPlayerRight;]
(00:07:59.1390106) WindowShopWoZ[log]: 479,1390028:Sent::IAnimationActions.PlayAnimation:(IAnimationActions.PlayAnimation):[id=;animation=PointPlayerLeft;]
(00:08:00.4970591) WindowShopWoZ[log]: 480,4970471:Sent::IAnimationActions.PlayAnimation:(IAnimationActions.PlayAnimation):[id=;animation=PointPlayerLeft;]
(00:08:05.6405298) WindowShopWoZ[log]: 485,640509:Sent::IAnimationActions.PlayAnimation:(IAnimationActions.PlayAnimation):[id=;animation=sadnessNodding;]
(00:08:06.7235474) WindowShopWoZ[log]: 486,7235249:Sent::IAnimationActions.PlayAnimation:(IAnimationActions.PlayAnimation):[id=;animation=sadnessNodding;]
(00:08:11.0193577) WindowShopWoZ[log]: 491,0193475:Sent::IAnimationActions.PlayAnimation:(IAnimationActions.PlayAnimation):[id=;animation=happy;]
(00:08:16.2160306) WindowShopWoZ[log]: 496,2160116:Sent::IAnimationActions.PlayAnimation:(IAnimationActions.PlayAnimation):[id=;animation=rodinThinking;]
(00:08:21.6610611) WindowShopWoZ[log]: 501,6610389:Sent::IAnimationActions.PlayAnimation:(IAnimationActions.PlayAnimation):[id=;animation=enthusiasm;]
(00:08:26.4462908) WindowShopWoZ[log]: 506,4462823:Sent::IAnimationActions.PlayAnimation:(IAnimationActions.PlayAnimation):[id=;animation=goodbye;]
(00:10:29.5950642) WindowShopWoZ[log]: 629,5950419:Sent::IAnimationActions.PlayAnimation:(IAnimationActions.PlayAnimation):[id=;animation=greeting;]
(00:10:30.3518274) WindowShopWoZ[log]: 630,3518034:Sent::IAnimationActions.PlayAnimation:(IAnimationActions.PlayAnimation):[id=;animation=greeting;]
(00:10:36.6542139) WindowShopWoZ[log]: 636,6542069:Sent::IAnimationActions.PlayAnimation:(IAnimationActions.PlayAnimation):[id=;animation=PointPlayerRight;]
(00:10:38.3355848) WindowShopWoZ[log]: 638,335576:Sent::IAnimationActions.PlayAnimation:(IAnimationActions.PlayAnimation):[id=;animation=PointPlayerRight;]
(00:10:39.2062164) WindowShopWoZ[log]: 639,2062086:Sent::IAnimationActions.PlayAnimation:(IAnimationActions.PlayAnimation):[id=;animation=PointPlayerRight;]
(00:10:39.4416808) WindowShopWoZ[log]: 639,4416709:Sent::IAnimationActions.PlayAnimation:(IAnimationActions.PlayAnimation):[id=;animation=PointPlayerRight;]
(00:10:40.0355203) WindowShopWoZ[log]: 640,0355086:Sent::IAnimationActions.PlayAnimation:(IAnimationActions.PlayAnimation):[id=;animation=PointPlayerRight;]
(00:10:40.7171842) WindowShopWoZ[log]: 640,7171616:Sent::IAnimationActions.PlayAnimation:(IAnimationActions.PlayAnimation):[id=;animation=PointPlayerRight;]
(00:10:40.9501880) WindowShopWoZ[log]: 640,9501634:Sent::IAnimationActions.PlayAnimation:(IAnimationActions.PlayAnimation):[id=;animation=PointPlayerRight;]
(00:10:43.6709454) WindowShopWoZ[log]: 643,6709232:Sent::IAnimationActions.PlayAnimation:(IAnimationActions.PlayAnimation):[id=;animation=PointPlayerLeft;]
(00:10:43.8888432) WindowShopWoZ[log]: 643,8888185:Sent::IAnimationActions.PlayAnimation:(IAnimationActions.PlayAnimation):[id=;animation=PointPlayerLeft;]
(00:10:49.0666698) WindowShopWoZ[log]: 649,0666617:Sent::IAnimationActions.PlayAnimation:(IAnimationActions.PlayAnimation):[id=;animation=rodinThinking;]
(00:10:55.0128280) WindowShopWoZ[log]: 655,0128044:Sent::IAnimationActions.PlayAnimation:(IAnimationActions.PlayAnimation):[id=;animation=sadnessNodding;]
(00:10:56.0630078) WindowShopWoZ[log]: 656,0629867:Sent::IAnimationActions.PlayAnimation:(IAnimationActions.PlayAnimation):[id=;animation=sadnessNodding;]
(00:10:56.9578943) WindowShopWoZ[log]: 656,9578721:Sent::IAnimationActions.PlayAnimation:(IAnimationActions.PlayAnimation):[id=;animation=sadnessNodding;]
(00:10:58.5247264) WindowShopWoZ[log]: 658,5247056:Sent::IAnimationActions.PlayAnimation:(IAnimationActions.PlayAnimation):[id=;animation=sadnessNodding;]
(00:10:59.4457301) WindowShopWoZ[log]: 659,4457195:Sent::IAnimationActions.PlayAnimation:(IAnimationActions.PlayAnimation):[id=;animation=sadnessNodding;]
(00:11:00.1397470) WindowShopWoZ[log]: 660,1397396:Sent::IAnimationActions.PlayAnimation:(IAnimationActions.PlayAnimation):[id=;animation=sadnessNodding;]
(00:11:00.3445676) WindowShopWoZ[log]: 660,3445606:Sent::IAnimationActions.PlayAnimation:(IAnimationActions.PlayAnimation):[id=;animation=sadnessNodding;]
(00:11:06.0934051) WindowShopWoZ[log]: 666,0933871:Sent::IAnimationActions.PlayAnimation:(IAnimationActions.PlayAnimation):[id=;animation=happy;]
(00:11:11.7305658) WindowShopWoZ[log]: 671,7305574:Sent::IAnimationActions.PlayAnimation:(IAnimationActions.PlayAnimation):[id=;animation=enthusiasm;]
(00:11:16.8683509) WindowShopWoZ[log]: 676,8683308:Sent::IAnimationActions.PlayAnimation:(IAnimationActions.PlayAnimation):[id=;animation=goodbye;]
(00:27:45.0589398) WindowShopWoZ[log]: Sending Master a Disconnect message...
(00:27:45.1129166) WindowShopWoZ[log]: Sent disconnect message.
(00:27:45.1129236) WindowShopWoZ[log]: Set shutdown flag.
(00:27:45.1145351) WindowShopWoZ[log]: Terminated SendMessagesDispatcher
(00:27:45.1145351) WindowShopWoZ[log]: Terminated ReceiveFastHttpRequestsDispatcher
(00:27:45.1145347) WindowShopWoZ[log]: Terminated ReceiveSlowHttpRequestsDispatcher
(00:27:45.1145859) WindowShopWoZ[log]: Terminated ReceiveMessagesDispatcher
(00:27:45.8166920) WindowShopWoZ[log]: Terminated AutoDiscoveryClient
(00:27:45.8171896) WindowShopWoZ[log]: Stopped Fast HTTP listener.
(00:27:45.8173454) WindowShopWoZ[log]: Stopped Slow HTTP listener.
(00:27:45.8185948) WindowShopWoZ[error]: Exception in FastHttpListenerThread: A operação de E/S foi cancelada devido a uma saída do módulo ou a um pedido da aplicação.
(00:27:45.8186074) WindowShopWoZ[log]: Terminated FastHttpListenerThread
(00:27:45.8187841) WindowShopWoZ[error]: Exception in SlowHttpListenerThread: A operação de E/S foi cancelada devido a uma saída do módulo ou a um pedido da aplicação.
(00:27:45.8187964) WindowShopWoZ[log]: Terminated SlowHttpListenerThread
(00:27:45.8515091) WindowShopWoZ[log]: Dumped log to 'Logs\WindowShopWoZ.2017-12-12at14-34-13.log'
