(00:00:00.0071820) WindowShopWoZ[log]: Attempt to start service on port '2000'
(00:00:00.0075509) WindowShopWoZ[log]: Attempt to start Slow service on port '2000'
(00:00:00.0137668) WindowShopWoZ[log]: Creating publisher from type 'IWindowShopPublisher'
(00:00:00.0138793) WindowShopWoZ[log]: Found Action interface: 'EmoteCommonMessages.IFMLSpeech'
(00:00:00.0251193) WindowShopWoZ[log]: Announced event 'IFMLSpeech.PerformUtterance'
(00:00:00.0255618) WindowShopWoZ[log]: Registered action 'IFMLSpeech.PerformUtterance' in publisher.
(00:00:00.0257096) WindowShopWoZ[log]: Announced event 'IFMLSpeech.PerformUtteranceWithTags'
(00:00:00.0257170) WindowShopWoZ[log]: Registered action 'IFMLSpeech.PerformUtteranceWithTags' in publisher.
(00:00:00.0257396) WindowShopWoZ[log]: Announced event 'IFMLSpeech.PerformUtteranceFromLibrary'
(00:00:00.0257445) WindowShopWoZ[log]: Registered action 'IFMLSpeech.PerformUtteranceFromLibrary' in publisher.
(00:00:00.0257537) WindowShopWoZ[log]: Announced event 'IFMLSpeech.CancelUtterance'
(00:00:00.0257575) WindowShopWoZ[log]: Registered action 'IFMLSpeech.CancelUtterance' in publisher.
(00:00:00.0257695) WindowShopWoZ[log]: Found Action interface: 'Thalamus.BML.IAnimationActions'
(00:00:00.0257932) WindowShopWoZ[log]: Announced event 'IAnimationActions.PlayAnimation'
(00:00:00.0257981) WindowShopWoZ[log]: Registered action 'IAnimationActions.PlayAnimation' in publisher.
(00:00:00.0258083) WindowShopWoZ[log]: Announced event 'IAnimationActions.PlayAnimationQueued'
(00:00:00.0258119) WindowShopWoZ[log]: Registered action 'IAnimationActions.PlayAnimationQueued' in publisher.
(00:00:00.0258200) WindowShopWoZ[log]: Announced event 'IAnimationActions.StopAnimation'
(00:00:00.0258298) WindowShopWoZ[log]: Registered action 'IAnimationActions.StopAnimation' in publisher.
(00:00:00.0611190) WindowShopWoZ[log]: UNCONNECTED_PUBLISH:(IAnimationActions.PlayAnimation):[id=;animation=goodbye;]
(00:00:00.1749804) WindowShopWoZ[log]: Searching for a Thalamus Character...
(00:00:00.1834167) WindowShopWoZ[log]: Port unavaliable.
(00:00:00.1834301) WindowShopWoZ[log]: Attempt to start service on port '2001'
(00:00:00.1836950) WindowShopWoZ[log]: Slow Port unavaliable.
(00:00:00.1837105) WindowShopWoZ[log]: Attempt to start Slow service on port '2001'
(00:00:00.2878001) WindowShopWoZ[log]: Slow Port unavaliable.
(00:00:00.2878001) WindowShopWoZ[log]: Port unavaliable.
(00:00:00.2878153) WindowShopWoZ[log]: Attempt to start Slow service on port '2002'
(00:00:00.2878185) WindowShopWoZ[log]: Attempt to start service on port '2002'
(00:00:00.3909782) WindowShopWoZ[log]: Slow Port unavaliable.
(00:00:00.3909885) WindowShopWoZ[log]: Attempt to start Slow service on port '2003'
(00:00:00.3910742) WindowShopWoZ[log]: Port unavaliable.
(00:00:00.3910826) WindowShopWoZ[log]: Attempt to start service on port '2003'
(00:00:00.4821882) WindowShopWoZ[log]: Port unavaliable.
(00:00:00.4822013) WindowShopWoZ[log]: Attempt to start service on port '2004'
(00:00:00.4829738) WindowShopWoZ[log]: Slow Port unavaliable.
(00:00:00.4829851) WindowShopWoZ[log]: Attempt to start Slow service on port '2004'
(00:00:00.5786938) WindowShopWoZ[log]: Port unavaliable.
(00:00:00.5787160) WindowShopWoZ[log]: Attempt to start service on port '2005'
(00:00:00.5816995) WindowShopWoZ[log]: Slow Port unavaliable.
(00:00:00.5817122) WindowShopWoZ[log]: Attempt to start Slow service on port '2005'
(00:00:00.6793422) WindowShopWoZ[log]: Slow XMLRPC Listening on port 2005
(00:00:00.6795372) WindowShopWoZ[log]: Port unavaliable.
(00:00:00.6795506) WindowShopWoZ[log]: Attempt to start service on port '2006'
(00:00:00.7680920) WindowShopWoZ[log]: fast XMLRPC Listening on port 2006
(00:00:01.1090072) WindowShopWoZ[log]: Found Thalamus Master for character '' at '127.0.0.1:2000/2001'.
(00:00:01.1298014) WindowShopWoZ[log]: Set Master fast endpoint to 127.0.0.1:2000
(00:00:01.1298849) WindowShopWoZ[log]: Set Master slow endpoint to 127.0.0.1:2001
(00:00:01.1298895) WindowShopWoZ[log]: Connecting...
(00:00:01.1605957) WindowShopWoZ[log]: Connected with clientId '289bf5d3-c4bc-458b-9bb5-0faef9c94991'
(00:00:02.3335892) WindowShopWoZ[log]: 2,3324051:Sent::IAnimationActions.PlayAnimation:(IAnimationActions.PlayAnimation):[id=;animation=sadness;]
(00:32:40.7156555) WindowShopWoZ[log]: Sending Master a Disconnect message...
(00:32:40.7824637) WindowShopWoZ[log]: Sent disconnect message.
(00:32:40.7824686) WindowShopWoZ[log]: Set shutdown flag.
(00:32:40.7943123) WindowShopWoZ[log]: Terminated SendMessagesDispatcher
(00:32:40.7943123) WindowShopWoZ[log]: Terminated ReceiveMessagesDispatcher
(00:32:40.7943222) WindowShopWoZ[log]: Terminated ReceiveSlowHttpRequestsDispatcher
(00:32:40.7943754) WindowShopWoZ[log]: Terminated ReceiveFastHttpRequestsDispatcher
(00:32:41.3613395) WindowShopWoZ[log]: Terminated AutoDiscoveryClient
(00:32:41.3624019) WindowShopWoZ[log]: Stopped Fast HTTP listener.
(00:32:41.3626956) WindowShopWoZ[log]: Stopped Slow HTTP listener.
(00:32:41.3656932) WindowShopWoZ[error]: Exception in FastHttpListenerThread: A operação de E/S foi cancelada devido a uma saída do módulo ou a um pedido da aplicação.
(00:32:41.3657257) WindowShopWoZ[log]: Terminated FastHttpListenerThread
(00:32:41.3660550) WindowShopWoZ[error]: Exception in SlowHttpListenerThread: A operação de E/S foi cancelada devido a uma saída do módulo ou a um pedido da aplicação.
(00:32:41.3660885) WindowShopWoZ[log]: Terminated SlowHttpListenerThread
(00:32:41.3941695) WindowShopWoZ[log]: Dumped log to 'Logs\WindowShopWoZ.2017-12-6at11-53- 3.log'
