(00:00:00.0436610) WindowShopWoZ[log]: Attempt to start service on port '2000'
(00:00:00.0601698) WindowShopWoZ[log]: Attempt to start Slow service on port '2000'
(00:00:00.0992073) WindowShopWoZ[log]: Creating publisher from type 'IWindowShopPublisher'
(00:00:00.0994301) WindowShopWoZ[log]: Found Action interface: 'EmoteCommonMessages.IFMLSpeech'
(00:00:00.1051891) WindowShopWoZ[log]: Announced event 'IFMLSpeech.PerformUtterance'
(00:00:00.1057501) WindowShopWoZ[log]: Registered action 'IFMLSpeech.PerformUtterance' in publisher.
(00:00:00.1059715) WindowShopWoZ[log]: Announced event 'IFMLSpeech.PerformUtteranceWithTags'
(00:00:00.1059909) WindowShopWoZ[log]: Registered action 'IFMLSpeech.PerformUtteranceWithTags' in publisher.
(00:00:00.1060879) WindowShopWoZ[log]: Announced event 'IFMLSpeech.PerformUtteranceFromLibrary'
(00:00:00.1061094) WindowShopWoZ[log]: Registered action 'IFMLSpeech.PerformUtteranceFromLibrary' in publisher.
(00:00:00.1061323) WindowShopWoZ[log]: Announced event 'IFMLSpeech.CancelUtterance'
(00:00:00.1061591) WindowShopWoZ[log]: Registered action 'IFMLSpeech.CancelUtterance' in publisher.
(00:00:00.1061866) WindowShopWoZ[log]: Found Action interface: 'Thalamus.BML.IAnimationActions'
(00:00:00.1062649) WindowShopWoZ[log]: Announced event 'IAnimationActions.PlayAnimation'
(00:00:00.1063058) WindowShopWoZ[log]: Registered action 'IAnimationActions.PlayAnimation' in publisher.
(00:00:00.1063590) WindowShopWoZ[log]: Announced event 'IAnimationActions.PlayAnimationQueued'
(00:00:00.1065826) WindowShopWoZ[log]: Registered action 'IAnimationActions.PlayAnimationQueued' in publisher.
(00:00:00.1066126) WindowShopWoZ[log]: Announced event 'IAnimationActions.StopAnimation'
(00:00:00.1066316) WindowShopWoZ[log]: Registered action 'IAnimationActions.StopAnimation' in publisher.
(00:00:00.2239373) WindowShopWoZ[log]: UNCONNECTED_PUBLISH:(IFMLSpeech.PerformUtterance):[id=;utterance=adeus;category=;]
(00:00:02.9779808) WindowShopWoZ[log]: Searching for a Thalamus Character...
(00:00:03.6527236) WindowShopWoZ[log]: Found Thalamus Master for character '' at '192.168.1.73:2000/2001'.
(00:00:03.7239730) WindowShopWoZ[log]: Port unavaliable.
(00:00:03.7240057) WindowShopWoZ[log]: Attempt to start service on port '2001'
(00:00:04.2177567) WindowShopWoZ[log]: Port unavaliable.
(00:00:04.2177972) WindowShopWoZ[log]: Attempt to start service on port '2002'
(00:00:04.4500937) WindowShopWoZ[log]: Slow Port unavaliable.
(00:00:04.4501304) WindowShopWoZ[log]: Attempt to start Slow service on port '2001'
(00:00:04.7130912) WindowShopWoZ[log]: Port unavaliable.
(00:00:04.7131212) WindowShopWoZ[log]: Attempt to start service on port '2003'
(00:00:05.1364563) WindowShopWoZ[log]: Port unavaliable.
(00:00:05.1364880) WindowShopWoZ[log]: Attempt to start service on port '2004'
(00:00:05.4637368) WindowShopWoZ[log]: Slow Port unavaliable.
(00:00:05.4637668) WindowShopWoZ[log]: Attempt to start Slow service on port '2002'
(00:00:05.6638606) WindowShopWoZ[log]: Port unavaliable.
(00:00:05.6638976) WindowShopWoZ[log]: Attempt to start service on port '2005'
(00:00:05.9125778) WindowShopWoZ[log]: Slow Port unavaliable.
(00:00:05.9126039) WindowShopWoZ[log]: Attempt to start Slow service on port '2003'
(00:00:06.1516587) WindowShopWoZ[log]: Port unavaliable.
(00:00:06.1516897) WindowShopWoZ[log]: Attempt to start service on port '2006'
(00:00:06.3660260) WindowShopWoZ[log]: Slow Port unavaliable.
(00:00:06.3660599) WindowShopWoZ[log]: Attempt to start Slow service on port '2004'
(00:00:06.6327707) WindowShopWoZ[log]: Port unavaliable.
(00:00:06.6328011) WindowShopWoZ[log]: Attempt to start service on port '2007'
(00:00:06.8543717) WindowShopWoZ[log]: Slow Port unavaliable.
(00:00:06.8544045) WindowShopWoZ[log]: Attempt to start Slow service on port '2005'
(00:00:07.0827464) WindowShopWoZ[log]: Port unavaliable.
(00:00:07.0827824) WindowShopWoZ[log]: Attempt to start service on port '2008'
(00:00:07.4012182) WindowShopWoZ[log]: Slow Port unavaliable.
(00:00:07.4012535) WindowShopWoZ[log]: Attempt to start Slow service on port '2006'
(00:00:07.5962922) WindowShopWoZ[error]: Permission denied to open socket.
Please run thi program in Administrator mode.
(00:00:07.8612777) WindowShopWoZ[log]: Slow Port unavaliable.
(00:00:07.8613225) WindowShopWoZ[log]: Attempt to start Slow service on port '2007'
(00:00:08.4068880) WindowShopWoZ[log]: Slow Port unavaliable.
(00:00:08.4069183) WindowShopWoZ[log]: Attempt to start Slow service on port '2008'
(00:00:08.9340162) WindowShopWoZ[error]: Permission denied to open socket.
Please run this program in Administrator mode.
