(00:00:00.0160801) WindowShopWoZ[log]: Attempt to start service on port '2000'
(00:00:00.0233798) WindowShopWoZ[log]: Attempt to start Slow service on port '2000'
(00:00:00.0257693) WindowShopWoZ[log]: Creating publisher from type 'IWindowShopPublisher'
(00:00:00.0300645) WindowShopWoZ[log]: Found Action interface: 'EmoteCommonMessages.IFMLSpeech'
(00:00:00.0379660) WindowShopWoZ[log]: Announced event 'IFMLSpeech.PerformUtterance'
(00:00:00.0383887) WindowShopWoZ[log]: Registered action 'IFMLSpeech.PerformUtterance' in publisher.
(00:00:00.0385617) WindowShopWoZ[log]: Announced event 'IFMLSpeech.PerformUtteranceWithTags'
(00:00:00.0385742) WindowShopWoZ[log]: Registered action 'IFMLSpeech.PerformUtteranceWithTags' in publisher.
(00:00:00.0385932) WindowShopWoZ[log]: Announced event 'IFMLSpeech.PerformUtteranceFromLibrary'
(00:00:00.0386004) WindowShopWoZ[log]: Registered action 'IFMLSpeech.PerformUtteranceFromLibrary' in publisher.
(00:00:00.0386320) WindowShopWoZ[log]: Announced event 'IFMLSpeech.CancelUtterance'
(00:00:00.0386514) WindowShopWoZ[log]: Registered action 'IFMLSpeech.CancelUtterance' in publisher.
(00:00:00.1900198) WindowShopWoZ[log]: UNCONNECTED_PUBLISH:(IFMLSpeech.PerformUtterance):[id=;utterance=adeus pessoal;category=;]
(00:00:00.3514751) WindowShopWoZ[log]: Searching for a Thalamus Character...
(00:00:00.3742243) WindowShopWoZ[log]: Slow Port unavaliable.
(00:00:00.3752853) WindowShopWoZ[log]: Attempt to start Slow service on port '2001'
(00:00:00.3752895) WindowShopWoZ[log]: Port unavaliable.
(00:00:00.3753089) WindowShopWoZ[log]: Attempt to start service on port '2001'
(00:00:00.4752172) WindowShopWoZ[log]: Found Thalamus Master for character '' at '146.193.224.155:2000/2001'.
(00:00:00.5643696) WindowShopWoZ[log]: Port unavaliable.
(00:00:00.5644149) WindowShopWoZ[log]: Attempt to start service on port '2002'
(00:00:00.6278416) WindowShopWoZ[log]: Slow Port unavaliable.
(00:00:00.6278682) WindowShopWoZ[log]: Attempt to start Slow service on port '2002'
(00:00:00.7677140) WindowShopWoZ[log]: Port unavaliable.
(00:00:00.7677398) WindowShopWoZ[log]: Attempt to start service on port '2003'
(00:00:00.7785676) WindowShopWoZ[log]: Slow Port unavaliable.
(00:00:00.7785912) WindowShopWoZ[log]: Attempt to start Slow service on port '2003'
(00:00:00.9349094) WindowShopWoZ[log]: Port unavaliable.
(00:00:00.9349348) WindowShopWoZ[log]: Attempt to start service on port '2004'
(00:00:00.9355172) WindowShopWoZ[log]: Slow Port unavaliable.
(00:00:00.9359281) WindowShopWoZ[log]: Attempt to start Slow service on port '2004'
(00:00:01.1125919) WindowShopWoZ[log]: Slow Port unavaliable.
(00:00:01.1126451) WindowShopWoZ[log]: Attempt to start Slow service on port '2005'
(00:00:01.1416894) WindowShopWoZ[log]: Port unavaliable.
(00:00:01.1417567) WindowShopWoZ[log]: Attempt to start service on port '2005'
(00:00:01.3317389) WindowShopWoZ[log]: Slow Port unavaliable.
(00:00:01.3317780) WindowShopWoZ[log]: Attempt to start Slow service on port '2006'
(00:00:01.3401091) WindowShopWoZ[log]: Port unavaliable.
(00:00:01.3401376) WindowShopWoZ[log]: Attempt to start service on port '2006'
(00:00:01.5088314) WindowShopWoZ[log]: Slow Port unavaliable.
(00:00:01.5099202) WindowShopWoZ[log]: Attempt to start Slow service on port '2007'
(00:00:01.5110286) WindowShopWoZ[log]: Port unavaliable.
(00:00:01.5110556) WindowShopWoZ[log]: Attempt to start service on port '2007'
(00:00:01.6699485) WindowShopWoZ[log]: Slow Port unavaliable.
(00:00:01.6699739) WindowShopWoZ[log]: Attempt to start Slow service on port '2008'
(00:00:01.6711759) WindowShopWoZ[log]: Port unavaliable.
(00:00:01.6711972) WindowShopWoZ[log]: Attempt to start service on port '2008'
(00:00:01.8286896) WindowShopWoZ[log]: Slow XMLRPC Listening on port 2008
(00:00:01.8362117) WindowShopWoZ[log]: Port unavaliable.
(00:00:01.8362368) WindowShopWoZ[log]: Attempt to start service on port '2009'
(00:00:01.9101644) WindowShopWoZ[log]: Set Master fast endpoint to 146.193.224.155:2000
(00:00:01.9102929) WindowShopWoZ[log]: Set Master slow endpoint to 146.193.224.155:2001
(00:00:01.9103032) WindowShopWoZ[log]: Connecting...
(00:00:01.9637708) WindowShopWoZ[log]: fast XMLRPC Listening on port 2009
(00:00:04.9222919) WindowShopWoZ[log]: Set shutdown flag.
(00:00:04.9361756) WindowShopWoZ[log]: Terminated ReceiveFastHttpRequestsDispatcher
(00:00:04.9361881) WindowShopWoZ[log]: Terminated SendMessagesDispatcher
(00:00:04.9362220) WindowShopWoZ[log]: Terminated ReceiveSlowHttpRequestsDispatcher
(00:00:04.9362117) WindowShopWoZ[log]: Terminated ReceiveMessagesDispatcher
(00:00:05.0132503) WindowShopWoZ[error]: Exception in SendMessage: The operation has timed out.
(00:00:05.1153867) WindowShopWoZ[error]: Failed to connect to Master@http://146.193.224.155:2001.
(00:00:05.1154395) WindowShopWoZ[log]: Terminated AutoDiscoveryClient
(00:00:05.1189386) WindowShopWoZ[log]: Stopped Fast HTTP listener.
(00:00:05.1192009) WindowShopWoZ[log]: Stopped Slow HTTP listener.
(00:00:05.1454729) WindowShopWoZ[log]: Terminated FastHttpListenerThread
(00:00:05.1554138) WindowShopWoZ[log]: Terminated SlowHttpListenerThread
(00:00:05.1844044) WindowShopWoZ[log]: Dumped log to 'Logs\WindowShopWoZ.2017-11-8at11-32-18.log'
